2021-02-20 08:39:56,419 INFO [restartedMain] c.n.c.qidong [StartupInfoLogger.java:55] Starting qidong using Java 1.8.0_131 on LAPTOP-EN8278E7 with PID 28028 (C:\Users\1\Desktop\demo\target\classes started by 1 in C:\Users\1\Desktop\demo)
2021-02-20 08:39:56,420 INFO [restartedMain] c.n.c.qidong [SpringApplication.java:660] No active profile set, falling back to default profiles: default
2021-02-20 08:39:56,676 INFO [restartedMain] o.s.b.w.e.t.TomcatWebServer [TomcatWebServer.java:108] Tomcat initialized with port(s): 8080 (http)
2021-02-20 08:39:56,677 INFO [restartedMain] o.a.c.c.StandardService [DirectJDKLog.java:173] Starting service [Tomcat]
2021-02-20 08:39:56,678 INFO [restartedMain] o.a.c.c.StandardEngine [DirectJDKLog.java:173] Starting Servlet engine: [Apache Tomcat/9.0.41]
2021-02-20 08:39:56,698 INFO [restartedMain] o.a.c.c.C.[.[.[/r] [DirectJDKLog.java:173] Initializing Spring embedded WebApplicationContext
2021-02-20 08:39:56,698 INFO [restartedMain] o.s.b.w.s.c.ServletWebServerApplicationContext [ServletWebServerApplicationContext.java:289] Root WebApplicationContext: initialization completed in 274 ms
2021-02-20 08:39:56,794 INFO [restartedMain] o.s.s.c.ThreadPoolTaskExecutor [ExecutorConfigurationSupport.java:181] Initializing ExecutorService 'applicationTaskExecutor'
2021-02-20 08:39:56,841 INFO [restartedMain] o.s.b.d.a.OptionalLiveReloadServer [OptionalLiveReloadServer.java:58] LiveReload server is running on port 35729
2021-02-20 08:39:56,850 INFO [restartedMain] o.s.b.w.e.t.TomcatWebServer [TomcatWebServer.java:220] Tomcat started on port(s): 8080 (http) with context path '/r'
2021-02-20 08:39:56,854 INFO [restartedMain] c.n.c.qidong [StartupInfoLogger.java:61] Started qidong in 0.575 seconds (JVM running for 1273.104)
2021-02-20 08:39:56,856 INFO [restartedMain] o.s.b.d.a.ConditionEvaluationDeltaLoggingListener [ConditionEvaluationDeltaLoggingListener.java:63] Condition evaluation unchanged
2021-02-20 08:40:22,643 INFO [main] c.e.d.LoggerTests [StartupInfoLogger.java:55] Starting LoggerTests using Java 1.8.0_131 on LAPTOP-EN8278E7 with PID 27244 (started by 1 in C:\Users\1\Desktop\demo)
2021-02-20 08:40:22,648 INFO [main] c.e.d.LoggerTests [SpringApplication.java:660] No active profile set, falling back to default profiles: default
2021-02-20 08:40:25,849 INFO [main] o.s.s.c.ThreadPoolTaskExecutor [ExecutorConfigurationSupport.java:181] Initializing ExecutorService 'applicationTaskExecutor'
2021-02-20 08:40:26,524 INFO [main] c.e.d.LoggerTests [StartupInfoLogger.java:61] Started LoggerTests in 4.711 seconds (JVM running for 5.816)
2021-02-20 08:40:26,861 INFO [main] c.e.d.LoggerTests [LoggerTests.java:22] info log
2021-02-20 08:40:26,893 INFO [SpringContextShutdownHook] o.s.s.c.ThreadPoolTaskExecutor [ExecutorConfigurationSupport.java:218] Shutting down ExecutorService 'applicationTaskExecutor'
2021-02-20 08:41:00,657 INFO [main] c.e.d.LoggerTests [StartupInfoLogger.java:55] Starting LoggerTests using Java 1.8.0_131 on LAPTOP-EN8278E7 with PID 9884 (started by 1 in C:\Users\1\Desktop\demo)
2021-02-20 08:41:00,661 INFO [main] c.e.d.LoggerTests [SpringApplication.java:660] No active profile set, falling back to default profiles: default
2021-02-20 08:41:03,297 INFO [main] o.s.s.c.ThreadPoolTaskExecutor [ExecutorConfigurationSupport.java:181] Initializing ExecutorService 'applicationTaskExecutor'
2021-02-20 08:41:04,015 INFO [main] c.e.d.LoggerTests [StartupInfoLogger.java:61] Started LoggerTests in 3.762 seconds (JVM running for 4.645)
2021-02-20 08:41:04,337 INFO [main] c.e.d.LoggerTests [LoggerTests.java:22] info log
2021-02-20 08:41:04,376 INFO [SpringContextShutdownHook] o.s.s.c.ThreadPoolTaskExecutor [ExecutorConfigurationSupport.java:218] Shutting down ExecutorService 'applicationTaskExecutor'
2021-02-20 08:42:34,687 INFO [Thread-19] o.s.s.c.ThreadPoolTaskExecutor [ExecutorConfigurationSupport.java:218] Shutting down ExecutorService 'applicationTaskExecutor'
